<?xml version="1.0" encoding="utf-8"?><testsuites name="pytest tests"><testsuite name="pytest" errors="0" failures="0" skipped="0" tests="7" time="128.955" timestamp="2025-09-11T19:52:50.487409+05:30" hostname="riju-Inspiron-15-3515"><testcase classname="tests.test_users" name="test_can_create_user[riju-riju001@company.com-male-active]" time="33.777" /><testcase classname="tests.test_users" name="test_can_create_user[manoj-manoj001@company.com-male-active]" time="36.839" /><testcase classname="tests.test_users" name="test_can_create_user[sanjib-sanjib002@company.com-male-active]" time="18.672" /><testcase classname="tests.test_users" name="test_can_create_user[petli-petli003@company.com-female-active]" time="13.479" /><testcase classname="tests.test_users_negative" name="test_create_user_invalid_token" time="1.909" /><testcase classname="tests.test_users_negative" name="test_create_user_missing_fields" time="11.221" /><testcase classname="tests.test_users_negative" name="test_create_user_duplicate_email" time="12.668" /></testsuite></testsuites>